<?xml version="1.0" encoding="UTF-8"?>
<testsuite xmlns:xsi="http://www.w3.org/2001/XMLSchema-instance" xsi:noNamespaceSchemaLocation="https://maven.apache.org/surefire/maven-surefire-plugin/xsd/surefire-test-report.xsd" name="wflclaim.TestRunner" time="7.03" tests="1" errors="0" skipped="0" failures="1">
  <properties>
[...]
</properties>
  <testcase name="testGetClaim" classname="wflclaim.TestRunner" time="6.998">
    <failure message="match failed: EQUALS&#10;  $ | actual path does not exist (STRING:STRING)&#10;  &apos;#notpresent&apos;&#10;  &apos;CP0000863460&apos;&#10;&#10;classpath:wflclaim/getClaim.feature:15&#10;match failed: EQUALS&#10;  $ | not equal (STRING:STRING)&#10;  &apos;INDV&apos;&#10;  &apos;CP0000863460&apos;&#10;&#10;classpath:wflclaim/getCustomerNumber.feature:16 ==&gt; expected: &lt;0&gt; but was: &lt;2&gt;" type="org.opentest4j.AssertionFailedError"><![CDATA[org.opentest4j.AssertionFailedError: 
match failed: EQUALS
  $ | actual path does not exist (STRING:STRING)
  '#notpresent'
  'CP0000863460'

classpath:wflclaim/getClaim.feature:15
match failed: EQUALS
  $ | not equal (STRING:STRING)
  'INDV'
  'CP0000863460'

classpath:wflclaim/getCustomerNumber.feature:16 ==> expected: <0> but was: <2>
	at wflclaim.TestRunner.testGetClaim(TestRunner.java:32)
]]></failure>
    <system-out><![CDATA[07:04:34.449 [main] DEBUG com.intuit.karate.Suite - [config] classpath:karate-config.js
07:04:36.308 [main] DEBUG com.intuit.karate - request:
1 > GET http://aws07wflapp02.aws07.wfl.cloud:8080/wfl-app/services/wfl-claims-rs/v1/claims?claimNumber=C1392
1 > Authorization: Basic cWE6cWE=
1 > Host: aws07wflapp02.aws07.wfl.cloud:8080
1 > Connection: Keep-Alive
1 > User-Agent: Apache-HttpClient/4.5.13 (Java/16.0.1)
1 > Accept-Encoding: gzip,deflate


07:04:36.560 [main] DEBUG com.intuit.karate - response time in milliseconds: 212
1 < 200
1 < Content-Language: en
1 < Date: Wed, 11 Aug 2021 11:04:36 GMT
1 < Content-Type: application/json;charset=UTF-8
1 < Transfer-Encoding: chunked
[{"addresses":null,"extension":{},"currencyCd":null,"policyNumber":"CP0000863460","lossDt":"2021-07-16T00:00:00Z","lossDesc":"test","typeOfResolution":"WITHDRAWN","productVersion":null,"selectedRiskItemOids":null,"knownTimeInd":null,"componentName":null,"causeOfLossCd":null,"lossLocationDesc":null,"claimNumber":"C1392","policy":{"termExpirationDate":"2022-01-01T00:00:00Z","policyLOB":"ACC","riskItems":null,"policyNumber":"CP0000863460","verified":null,"policyStatus":"ACTIVE","productVersion":null,"inceptionDate":null,"parties":[{"nameTypeCd":null,"lastName":"Test","addresses":null,"extension":{},"bankAccountInfo":null,"instanceName":null,"roles":null,"phones":null,"bankName":null,"oid":null,"type":null,"suffix":null,"relationShipToInsuredCd":null,"accountHolderName":null,"emails":null,"contactPreferenceCd":null,"preferredPaymentMethod":null,"companyNumber":null,"namePrefix":null,"bankBranchCd":null,"bankAccountNumber":null,"componentName":null,"bankTransitNumber":null,"birthDt":null,"externalId":null,"additionalNameInd":null,"externalPartyInd":false,"partyRoles":null,"displayValue":null,"firstName":"Test 22","bankAccountType":null,"bankCd":null,"middleName":null,"otherName":null,"partyNumber":null,"additionalName":null}],"termEffectiveDate":"2021-01-01T00:00:00Z","componentName":null,"reportedPolicyNumber":"CP0000863460","policyBLOB":null,"productCd":"GB_AC"},"reportingMethod":null,"reportedDt":"2021-07-16T18:31:00Z","totalIncurred":{"amount":0.0,"currencyCd":"USD"},"policyProductCd":"GB_AC","customerNumber":"520181","claimsPolicyStatus":null,"lineOfBusinessCd":"ACC","claimStatusCd":"CLOSED","claimSubStatusCd":null,"additionalClaimNumber":"OC1392","lossLocation":null,"parties":null,"secondaryLossCauseCd":null,"fileOwner":{"displayValue":"New Claims \u2013 Accident CI HI","typeCd":null,"refId":null},"policyProductVersion":null,"productCd":"CLAIM_ACC_HEALTH"}]
07:04:36.581 [main] INFO  com.intuit.karate - [print] [
  {
    "addresses": null,
    "extension": {
    },
    "currencyCd": null,
    "policyNumber": "CP0000863460",
    "lossDt": "2021-07-16T00:00:00Z",
    "lossDesc": "test",
    "typeOfResolution": "WITHDRAWN",
    "productVersion": null,
    "selectedRiskItemOids": null,
    "knownTimeInd": null,
    "componentName": null,
    "causeOfLossCd": null,
    "lossLocationDesc": null,
    "claimNumber": "C1392",
    "policy": {
      "termExpirationDate": "2022-01-01T00:00:00Z",
      "policyLOB": "ACC",
      "riskItems": null,
      "policyNumber": "CP0000863460",
      "verified": null,
      "policyStatus": "ACTIVE",
      "productVersion": null,
      "inceptionDate": null,
      "parties": [
        {
          "nameTypeCd": null,
          "lastName": "Test",
          "addresses": null,
          "extension": {
          },
          "bankAccountInfo": null,
          "instanceName": null,
          "roles": null,
          "phones": null,
          "bankName": null,
          "oid": null,
          "type": null,
          "suffix": null,
          "relationShipToInsuredCd": null,
          "accountHolderName": null,
          "emails": null,
          "contactPreferenceCd": null,
          "preferredPaymentMethod": null,
          "companyNumber": null,
          "namePrefix": null,
          "bankBranchCd": null,
          "bankAccountNumber": null,
          "componentName": null,
          "bankTransitNumber": null,
          "birthDt": null,
          "externalId": null,
          "additionalNameInd": null,
          "externalPartyInd": false,
          "partyRoles": null,
          "displayValue": null,
          "firstName": "Test 22",
          "bankAccountType": null,
          "bankCd": null,
          "middleName": null,
          "otherName": null,
          "partyNumber": null,
          "additionalName": null
        }
      ],
      "termEffectiveDate": "2021-01-01T00:00:00Z",
      "componentName": null,
      "reportedPolicyNumber": "CP0000863460",
      "policyBLOB": null,
      "productCd": "GB_AC"
    },
    "reportingMethod": null,
    "reportedDt": "2021-07-16T18:31:00Z",
    "totalIncurred": {
      "amount": 0.0,
      "currencyCd": "USD"
    },
    "policyProductCd": "GB_AC",
    "customerNumber": "520181",
    "claimsPolicyStatus": null,
    "lineOfBusinessCd": "ACC",
    "claimStatusCd": "CLOSED",
    "claimSubStatusCd": null,
    "additionalClaimNumber": "OC1392",
    "lossLocation": null,
    "parties": null,
    "secondaryLossCauseCd": null,
    "fileOwner": {
      "displayValue": "New Claims \u2013 Accident CI HI",
      "typeCd": null,
      "refId": null
    },
    "policyProductVersion": null,
    "productCd": "CLAIM_ACC_HEALTH"
  }
]
 
07:04:36.586 [main] INFO  com.intuit.karate - [print] =========Validating field values in response================= : 
07:04:36.675 [main] DEBUG com.intuit.karate - request:
1 > GET http://aws07wflapp02.aws07.wfl.cloud:8080/wfl-app/services/wfl-claims-rs/v1/claims?claimNumber=C9392
1 > Authorization: Basic cWE6cWE=
1 > Host: aws07wflapp02.aws07.wfl.cloud:8080
1 > Connection: Keep-Alive
1 > User-Agent: Apache-HttpClient/4.5.13 (Java/16.0.1)
1 > Accept-Encoding: gzip,deflate


07:04:36.745 [main] DEBUG com.intuit.karate - response time in milliseconds: 70
1 < 200
1 < Content-Language: en
1 < Date: Wed, 11 Aug 2021 11:04:37 GMT
1 < Content-Type: application/json;charset=UTF-8
1 < Transfer-Encoding: chunked
[]
07:04:36.756 [main] INFO  com.intuit.karate - [print] [
]
 
07:04:36.758 [main] INFO  com.intuit.karate - [print] =========Validating field values in response================= : 
07:04:36.764 [main] ERROR com.intuit.karate - classpath:wflclaim/getClaim.feature:15
* match response[0].policy.policyNumber == 'CP0000863460'
match failed: EQUALS
  $ | actual path does not exist (STRING:STRING)
  '#notpresent'
  'CP0000863460'

classpath:wflclaim/getClaim.feature:15
---------------------------------------------------------
feature: classpath:wflclaim/getClaim.feature
scenarios:  2 | passed:  1 | failed:  1 | time: 1.0334
---------------------------------------------------------

07:04:37.979 [main] INFO  com.intuit.karate.Suite - <<fail>> feature 1 of 2 (0 remaining) classpath:wflclaim/getClaim.feature
07:04:38.028 [main] DEBUG com.intuit.karate - request:
1 > GET http://aws07wflapp02.aws07.wfl.cloud:8080/wfl-app/services/customercore-rs/v1/customers/details?customerNumber=510377
1 > Authorization: Basic cWE6cWE=
1 > Host: aws07wflapp02.aws07.wfl.cloud:8080
1 > Connection: Keep-Alive
1 > User-Agent: Apache-HttpClient/4.5.13 (Java/16.0.1)
1 > Accept-Encoding: gzip,deflate


07:04:38.152 [main] DEBUG com.intuit.karate - response time in milliseconds: 122
1 < 200
1 < Content-Language: en
1 < X-Paging-Limit: 10
1 < X-Paging-Offset: 0
1 < X-Total-Count: 1
1 < Date: Wed, 11 Aug 2021 11:04:38 GMT
1 < Content-Type: application/json;charset=UTF-8
1 < Transfer-Encoding: chunked
[{"addresses":[{"temporary":false,"city":"Walnut Creek","postalCode":"94596","latitude":null,"countryCd":"US","county":null,"accuracy":null,"contactType":"residence","referenceId":null,"effectiveTo":null,"duration":null,"subdivision":null,"extensionFields":{},"validationIndicator":null,"stateProvCd":"CA","addressLine1":"Address97144281","addressLine2":"","id":7905231,"addressLine3":"","contactMethod":"ADDRESS","longitude":null,"inCareOf":null,"preferredInd":null,"communicationPreferences":[],"attention":null,"comment":null,"doNotSolicitInd":null,"effectiveFrom":null}],"preferredSpokenLanguageCd":"ENGLISH","registeredOnline":false,"individualDetails":{"lastName":"Smith09877373","associateEmployments":false,"designationDescription":null,"deceased":false,"occupationDescription":null,"title":null,"suffix":null,"associateBusinessEntity":false,"extensionFields":{},"genderCd":"male","nickname":null,"deathDate":null,"associateProviders":false,"occupationCd":null,"designationCd":null,"birthDate":"1995-09-02","firstName":"John87780675","deathNotificationReceived":false,"disabilities":[],"maritalStatusCd":null,"taxId":"046-42-2369","citizenshipCd":null,"tobaccoCd":"YES","middleName":"","interests":[]},"majorAccount":null,"lastUpdateDate":"2020-09-02T08:44:02.380Z","preferredCurrency":null,"phones":[],"sourceCd":"UNKNOWN","socialNets":[],"rateDatePayment":null,"businessCustomerAdditionalNames":null,"segments":[],"customerStatus":"CUSTOMER","emails":[],"webAddresses":[],"specialClaimReview":false,"archived":false,"customerType":"INDV","sourceOfExchangeRate":null,"extensionFields":{},"groupInfo":[],"preferredWrittenLanguageCd":"ENGLISH","customerEmployments":null,"paperless":false,"agencies":[],"indCustomerAdditionalNames":[],"businessDetails":null,"customerNumber":"510377","accountNumber":"610377","genericRelationships":[],"displayValue":"John87780675 Smith09877373","ratingCd":"UNKNOWN","preferredContactMethod":null,"navigationLinks":[],"chats":[],"rateDateIntake":null,"brandCd":null,"providers":null}]
07:04:38.156 [main] INFO  com.intuit.karate - [print] [
  {
    "addresses": [
      {
        "temporary": false,
        "city": "Walnut Creek",
        "postalCode": "94596",
        "latitude": null,
        "countryCd": "US",
        "county": null,
        "accuracy": null,
        "contactType": "residence",
        "referenceId": null,
        "effectiveTo": null,
        "duration": null,
        "subdivision": null,
        "extensionFields": {
        },
        "validationIndicator": null,
        "stateProvCd": "CA",
        "addressLine1": "Address97144281",
        "addressLine2": "",
        "id": 7905231,
        "addressLine3": "",
        "contactMethod": "ADDRESS",
        "longitude": null,
        "inCareOf": null,
        "preferredInd": null,
        "communicationPreferences": [
        ],
        "attention": null,
        "comment": null,
        "doNotSolicitInd": null,
        "effectiveFrom": null
      }
    ],
    "preferredSpokenLanguageCd": "ENGLISH",
    "registeredOnline": false,
    "individualDetails": {
      "lastName": "Smith09877373",
      "associateEmployments": false,
      "designationDescription": null,
      "deceased": false,
      "occupationDescription": null,
      "title": null,
      "suffix": null,
      "associateBusinessEntity": false,
      "extensionFields": {
      },
      "genderCd": "male",
      "nickname": null,
      "deathDate": null,
      "associateProviders": false,
      "occupationCd": null,
      "designationCd": null,
      "birthDate": "1995-09-02",
      "firstName": "John87780675",
      "deathNotificationReceived": false,
      "disabilities": [
      ],
      "maritalStatusCd": null,
      "taxId": "046-42-2369",
      "citizenshipCd": null,
      "tobaccoCd": "YES",
      "middleName": "",
      "interests": [
      ]
    },
    "majorAccount": null,
    "lastUpdateDate": "2020-09-02T08:44:02.380Z",
    "preferredCurrency": null,
    "phones": [
    ],
    "sourceCd": "UNKNOWN",
    "socialNets": [
    ],
    "rateDatePayment": null,
    "businessCustomerAdditionalNames": null,
    "segments": [
    ],
    "customerStatus": "CUSTOMER",
    "emails": [
    ],
    "webAddresses": [
    ],
    "specialClaimReview": false,
    "archived": false,
    "customerType": "INDV",
    "sourceOfExchangeRate": null,
    "extensionFields": {
    },
    "groupInfo": [
    ],
    "preferredWrittenLanguageCd": "ENGLISH",
    "customerEmployments": null,
    "paperless": false,
    "agencies": [
    ],
    "indCustomerAdditionalNames": [
    ],
    "businessDetails": null,
    "customerNumber": "510377",
    "accountNumber": "610377",
    "genericRelationships": [
    ],
    "displayValue": "John87780675 Smith09877373",
    "ratingCd": "UNKNOWN",
    "preferredContactMethod": null,
    "navigationLinks": [
    ],
    "chats": [
    ],
    "rateDateIntake": null,
    "brandCd": null,
    "providers": null
  }
]
 
07:04:38.158 [main] INFO  com.intuit.karate - [print] =========Validating field values in response================= : 
07:04:38.174 [main] DEBUG com.intuit.karate - request:
1 > GET http://aws07wflapp02.aws07.wfl.cloud:8080/wfl-app/services/customercore-rs/v1/customers/details?customerNumber=510977
1 > Authorization: Basic cWE6cWE=
1 > Host: aws07wflapp02.aws07.wfl.cloud:8080
1 > Connection: Keep-Alive
1 > User-Agent: Apache-HttpClient/4.5.13 (Java/16.0.1)
1 > Accept-Encoding: gzip,deflate


07:04:38.294 [main] DEBUG com.intuit.karate - response time in milliseconds: 118
1 < 200
1 < Content-Language: en
1 < X-Paging-Limit: 10
1 < X-Paging-Offset: 0
1 < X-Total-Count: 1
1 < Date: Wed, 11 Aug 2021 11:04:38 GMT
1 < Content-Type: application/json;charset=UTF-8
1 < Transfer-Encoding: chunked
[{"addresses":[{"temporary":false,"city":"Test","postalCode":"10928","latitude":null,"countryCd":"US","county":null,"accuracy":null,"contactType":"residence","referenceId":null,"effectiveTo":null,"duration":null,"subdivision":null,"extensionFields":{},"validationIndicator":null,"stateProvCd":"GA","addressLine1":"test lane","addressLine2":"","id":30641766,"addressLine3":"","contactMethod":"ADDRESS","longitude":null,"inCareOf":null,"preferredInd":null,"communicationPreferences":[],"attention":null,"comment":null,"doNotSolicitInd":null,"effectiveFrom":null}],"preferredSpokenLanguageCd":"ENGLISH","registeredOnline":false,"individualDetails":{"lastName":"Miller","associateEmployments":false,"designationDescription":null,"deceased":false,"occupationDescription":null,"title":null,"suffix":null,"associateBusinessEntity":false,"extensionFields":{},"genderCd":"male","nickname":null,"deathDate":null,"associateProviders":false,"occupationCd":null,"designationCd":null,"birthDate":null,"firstName":"John","deathNotificationReceived":false,"disabilities":[],"maritalStatusCd":null,"taxId":"109-12-9289","citizenshipCd":null,"tobaccoCd":null,"middleName":"","interests":[]},"majorAccount":null,"lastUpdateDate":"2020-11-30T22:36:30.737Z","preferredCurrency":null,"phones":[],"sourceCd":"UNKNOWN","socialNets":[],"rateDatePayment":null,"businessCustomerAdditionalNames":null,"segments":[],"customerStatus":"CUSTOMER","emails":[],"webAddresses":[],"specialClaimReview":false,"archived":false,"customerType":"INDV","sourceOfExchangeRate":null,"extensionFields":{},"groupInfo":[],"preferredWrittenLanguageCd":"ENGLISH","customerEmployments":null,"paperless":false,"agencies":[],"indCustomerAdditionalNames":[],"businessDetails":null,"customerNumber":"510977","accountNumber":"610977","genericRelationships":[],"displayValue":"John Miller","ratingCd":"UNKNOWN","preferredContactMethod":null,"navigationLinks":[],"chats":[],"rateDateIntake":null,"brandCd":null,"providers":null}]
07:04:38.296 [main] INFO  com.intuit.karate - [print] [
  {
    "addresses": [
      {
        "temporary": false,
        "city": "Test",
        "postalCode": "10928",
        "latitude": null,
        "countryCd": "US",
        "county": null,
        "accuracy": null,
        "contactType": "residence",
        "referenceId": null,
        "effectiveTo": null,
        "duration": null,
        "subdivision": null,
        "extensionFields": {
        },
        "validationIndicator": null,
        "stateProvCd": "GA",
        "addressLine1": "test lane",
        "addressLine2": "",
        "id": 30641766,
        "addressLine3": "",
        "contactMethod": "ADDRESS",
        "longitude": null,
        "inCareOf": null,
        "preferredInd": null,
        "communicationPreferences": [
        ],
        "attention": null,
        "comment": null,
        "doNotSolicitInd": null,
        "effectiveFrom": null
      }
    ],
    "preferredSpokenLanguageCd": "ENGLISH",
    "registeredOnline": false,
    "individualDetails": {
      "lastName": "Miller",
      "associateEmployments": false,
      "designationDescription": null,
      "deceased": false,
      "occupationDescription": null,
      "title": null,
      "suffix": null,
      "associateBusinessEntity": false,
      "extensionFields": {
      },
      "genderCd": "male",
      "nickname": null,
      "deathDate": null,
      "associateProviders": false,
      "occupationCd": null,
      "designationCd": null,
      "birthDate": null,
      "firstName": "John",
      "deathNotificationReceived": false,
      "disabilities": [
      ],
      "maritalStatusCd": null,
      "taxId": "109-12-9289",
      "citizenshipCd": null,
      "tobaccoCd": null,
      "middleName": "",
      "interests": [
      ]
    },
    "majorAccount": null,
    "lastUpdateDate": "2020-11-30T22:36:30.737Z",
    "preferredCurrency": null,
    "phones": [
    ],
    "sourceCd": "UNKNOWN",
    "socialNets": [
    ],
    "rateDatePayment": null,
    "businessCustomerAdditionalNames": null,
    "segments": [
    ],
    "customerStatus": "CUSTOMER",
    "emails": [
    ],
    "webAddresses": [
    ],
    "specialClaimReview": false,
    "archived": false,
    "customerType": "INDV",
    "sourceOfExchangeRate": null,
    "extensionFields": {
    },
    "groupInfo": [
    ],
    "preferredWrittenLanguageCd": "ENGLISH",
    "customerEmployments": null,
    "paperless": false,
    "agencies": [
    ],
    "indCustomerAdditionalNames": [
    ],
    "businessDetails": null,
    "customerNumber": "510977",
    "accountNumber": "610977",
    "genericRelationships": [
    ],
    "displayValue": "John Miller",
    "ratingCd": "UNKNOWN",
    "preferredContactMethod": null,
    "navigationLinks": [
    ],
    "chats": [
    ],
    "rateDateIntake": null,
    "brandCd": null,
    "providers": null
  }
]
 
07:04:38.298 [main] INFO  com.intuit.karate - [print] =========Validating field values in response================= : 
07:04:38.299 [main] ERROR com.intuit.karate - classpath:wflclaim/getCustomerNumber.feature:16
* match response[0].customerType == 'CP0000863460'
match failed: EQUALS
  $ | not equal (STRING:STRING)
  'INDV'
  'CP0000863460'

classpath:wflclaim/getCustomerNumber.feature:16
---------------------------------------------------------
feature: classpath:wflclaim/getCustomerNumber.feature
scenarios:  2 | passed:  1 | failed:  1 | time: 0.2776
---------------------------------------------------------

07:04:38.464 [main] INFO  com.intuit.karate.Suite - <<fail>> feature 2 of 2 (0 remaining) classpath:wflclaim/getCustomerNumber.feature
07:04:38.475 [main] DEBUG com.intuit.karate.Suite - waiting for 2 features to complete
Karate version: 1.0.1
======================================================
elapsed:   5.32 | threads:    1 | thread time: 1.31 
features:     2 | skipped:    0 | efficiency: 0.25
scenarios:    4 | passed:     2 | failed: 2
======================================================
>>> failed features:
match failed: EQUALS
  $ | actual path does not exist (STRING:STRING)
  '#notpresent'
  'CP0000863460'

classpath:wflclaim/getClaim.feature:15
match failed: EQUALS
  $ | not equal (STRING:STRING)
  'INDV'
  'CP0000863460'

classpath:wflclaim/getCustomerNumber.feature:16
<<<

HTML report: (paste into browser to view) | Karate version: 1.0.1
file:///C:/Users/600001038/IdeaProjects/WFRegressionTest/target/karate-reports/karate-summary.html
===================================================================

]]></system-out>
    <system-err><![CDATA[ERROR StatusLogger No log4j2 configuration file found. Using default configuration: logging only errors to the console.
]]></system-err>
  </testcase>
</testsuite>