<?xml version="1.0" encoding="UTF-8"?>
<testsuite xmlns:xsi="http://www.w3.org/2001/XMLSchema-instance" xsi:noNamespaceSchemaLocation="https://maven.apache.org/surefire/maven-surefire-plugin/xsd/surefire-test-report.xsd" name="wflclaim.TestRunner" time="8.709" tests="1" errors="0" skipped="0" failures="1">
  <properties>
[...]
</properties>
  <testcase name="test1" classname="wflclaim.TestRunner" time="8.689">
    <failure message="status code was: 200, expected: 400, response time in milliseconds: 84, url: http://aws07wflapp02.aws07.wfl.cloud:8080/wfl-app/services/wfl-claims-rs/v1/claims?claimNumber=C1392, response: &#10;[ {&#10;  &quot;claimSubStatusCd&quot; : null,&#10;  &quot;policy&quot; : {&#10;    &quot;termEffectiveDate&quot; : &quot;2021-01-01T00:00:00Z&quot;,&#10;    &quot;termExpirationDate&quot; : &quot;2022-01-01T00:00:00Z&quot;,&#10;    &quot;inceptionDate&quot; : null,&#10;    &quot;componentName&quot; : null,&#10;    &quot;riskItems&quot; : null,&#10;    &quot;parties&quot; : [ {&#10;      &quot;namePrefix&quot; : null,&#10;      &quot;firstName&quot; : &quot;Test 22&quot;,&#10;      &quot;middleName&quot; : null,&#10;      &quot;lastName&quot; : &quot;Test&quot;,&#10;      &quot;otherName&quot; : null,&#10;      &quot;nameTypeCd&quot; : null,&#10;      &quot;oid&quot; : null,&#10;      &quot;contactPreferenceCd&quot; : null,&#10;      &quot;displayValue&quot; : null,&#10;      &quot;relationShipToInsuredCd&quot; : null,&#10;      &quot;addresses&quot; : null,&#10;      &quot;componentName&quot; : null,&#10;      &quot;extension&quot; : { },&#10;      &quot;emails&quot; : null,&#10;      &quot;phones&quot; : null,&#10;      &quot;roles&quot; : null,&#10;      &quot;birthDt&quot; : null,&#10;      &quot;partyNumber&quot; : null,&#10;      &quot;companyNumber&quot; : null,&#10;      &quot;externalId&quot; : null,&#10;      &quot;preferredPaymentMethod&quot; : null,&#10;      &quot;bankAccountInfo&quot; : null,&#10;      &quot;bankName&quot; : null,&#10;      &quot;bankAccountNumber&quot; : null,&#10;      &quot;accountHolderName&quot; : null,&#10;      &quot;bankTransitNumber&quot; : null,&#10;      &quot;bankCd&quot; : null,&#10;      &quot;bankBranchCd&quot; : null,&#10;      &quot;bankAccountType&quot; : null,&#10;      &quot;additionalNameInd&quot; : null,&#10;      &quot;additionalName&quot; : null,&#10;      &quot;instanceName&quot; : null,&#10;      &quot;type&quot; : null,&#10;      &quot;partyRoles&quot; : null,&#10;      &quot;externalPartyInd&quot; : false,&#10;      &quot;suffix&quot; : null&#10;    } ],&#10;    &quot;policyNumber&quot; : &quot;CP0000863460&quot;,&#10;    &quot;productCd&quot; : &quot;GB_AC&quot;,&#10;    &quot;productVersion&quot; : null,&#10;    &quot;verified&quot; : null,&#10;    &quot;policyStatus&quot; : &quot;ACTIVE&quot;,&#10;    &quot;policyLOB&quot; : &quot;ACC&quot;,&#10;    &quot;policyBLOB&quot; : null,&#10;    &quot;reportedPolicyNumber&quot; : &quot;CP0000863460&quot;&#10;  },&#10;  &quot;claimNumber&quot; : &quot;C1392&quot;,&#10;  &quot;additionalClaimNumber&quot; : &quot;OC1392&quot;,&#10;  &quot;claimStatusCd&quot; : &quot;CLOSED&quot;,&#10;  &quot;lossDt&quot; : &quot;2021-07-16T00:00:00Z&quot;,&#10;  &quot;lossDesc&quot; : &quot;test&quot;,&#10;  &quot;customerNumber&quot; : &quot;520181&quot;,&#10;  &quot;reportedDt&quot; : &quot;2021-07-16T18:31:00Z&quot;,&#10;  &quot;policyNumber&quot; : &quot;CP0000863460&quot;,&#10;  &quot;policyProductCd&quot; : &quot;GB_AC&quot;,&#10;  &quot;knownTimeInd&quot; : null,&#10;  &quot;lineOfBusinessCd&quot; : &quot;ACC&quot;,&#10;  &quot;productVersion&quot; : null,&#10;  &quot;causeOfLossCd&quot; : null,&#10;  &quot;lossLocationDesc&quot; : null,&#10;  &quot;lossLocation&quot; : null,&#10;  &quot;secondaryLossCauseCd&quot; : null,&#10;  &quot;reportingMethod&quot; : null,&#10;  &quot;parties&quot; : null,&#10;  &quot;addresses&quot; : null,&#10;  &quot;componentName&quot; : null,&#10;  &quot;policyProductVersion&quot; : null,&#10;  &quot;totalIncurred&quot; : {&#10;    &quot;amount&quot; : 0.00,&#10;    &quot;currencyCd&quot; : &quot;USD&quot;&#10;  },&#10;  &quot;fileOwner&quot; : {&#10;    &quot;typeCd&quot; : null,&#10;    &quot;refId&quot; : null,&#10;    &quot;displayValue&quot; : &quot;New Claims – Accident CI HI&quot;&#10;  },&#10;  &quot;claimsPolicyStatus&quot; : null,&#10;  &quot;extension&quot; : { },&#10;  &quot;selectedRiskItemOids&quot; : null,&#10;  &quot;currencyCd&quot; : null,&#10;  &quot;typeOfResolution&quot; : &quot;WITHDRAWN&quot;,&#10;  &quot;productCd&quot; : &quot;CLAIM_ACC_HEALTH&quot;&#10;} ]&#10;classpath:wflclaim/getClaim.feature:31 ==&gt; expected: &lt;0&gt; but was: &lt;1&gt;" type="org.opentest4j.AssertionFailedError"><![CDATA[org.opentest4j.AssertionFailedError: 
status code was: 200, expected: 400, response time in milliseconds: 84, url: http://aws07wflapp02.aws07.wfl.cloud:8080/wfl-app/services/wfl-claims-rs/v1/claims?claimNumber=C1392, response: 
[ {
  "claimSubStatusCd" : null,
  "policy" : {
    "termEffectiveDate" : "2021-01-01T00:00:00Z",
    "termExpirationDate" : "2022-01-01T00:00:00Z",
    "inceptionDate" : null,
    "componentName" : null,
    "riskItems" : null,
    "parties" : [ {
      "namePrefix" : null,
      "firstName" : "Test 22",
      "middleName" : null,
      "lastName" : "Test",
      "otherName" : null,
      "nameTypeCd" : null,
      "oid" : null,
      "contactPreferenceCd" : null,
      "displayValue" : null,
      "relationShipToInsuredCd" : null,
      "addresses" : null,
      "componentName" : null,
      "extension" : { },
      "emails" : null,
      "phones" : null,
      "roles" : null,
      "birthDt" : null,
      "partyNumber" : null,
      "companyNumber" : null,
      "externalId" : null,
      "preferredPaymentMethod" : null,
      "bankAccountInfo" : null,
      "bankName" : null,
      "bankAccountNumber" : null,
      "accountHolderName" : null,
      "bankTransitNumber" : null,
      "bankCd" : null,
      "bankBranchCd" : null,
      "bankAccountType" : null,
      "additionalNameInd" : null,
      "additionalName" : null,
      "instanceName" : null,
      "type" : null,
      "partyRoles" : null,
      "externalPartyInd" : false,
      "suffix" : null
    } ],
    "policyNumber" : "CP0000863460",
    "productCd" : "GB_AC",
    "productVersion" : null,
    "verified" : null,
    "policyStatus" : "ACTIVE",
    "policyLOB" : "ACC",
    "policyBLOB" : null,
    "reportedPolicyNumber" : "CP0000863460"
  },
  "claimNumber" : "C1392",
  "additionalClaimNumber" : "OC1392",
  "claimStatusCd" : "CLOSED",
  "lossDt" : "2021-07-16T00:00:00Z",
  "lossDesc" : "test",
  "customerNumber" : "520181",
  "reportedDt" : "2021-07-16T18:31:00Z",
  "policyNumber" : "CP0000863460",
  "policyProductCd" : "GB_AC",
  "knownTimeInd" : null,
  "lineOfBusinessCd" : "ACC",
  "productVersion" : null,
  "causeOfLossCd" : null,
  "lossLocationDesc" : null,
  "lossLocation" : null,
  "secondaryLossCauseCd" : null,
  "reportingMethod" : null,
  "parties" : null,
  "addresses" : null,
  "componentName" : null,
  "policyProductVersion" : null,
  "totalIncurred" : {
    "amount" : 0.00,
    "currencyCd" : "USD"
  },
  "fileOwner" : {
    "typeCd" : null,
    "refId" : null,
    "displayValue" : "New Claims – Accident CI HI"
  },
  "claimsPolicyStatus" : null,
  "extension" : { },
  "selectedRiskItemOids" : null,
  "currencyCd" : null,
  "typeOfResolution" : "WITHDRAWN",
  "productCd" : "CLAIM_ACC_HEALTH"
} ]
classpath:wflclaim/getClaim.feature:31 ==> expected: <0> but was: <1>
	at wflclaim.TestRunner.test1(TestRunner.java:30)
]]></failure>
    <system-out><![CDATA[09:19:11.217 [main] DEBUG com.intuit.karate.Suite - [config] classpath:karate-config.js
09:19:13.282 [main] DEBUG com.intuit.karate - request:
1 > GET http://aws07wflapp02.aws07.wfl.cloud:8080/wfl-app/services/wfl-claims-rs/v1/claims?claimNumber=C1392
1 > Authorization: Basic cWE6cWE=
1 > Host: aws07wflapp02.aws07.wfl.cloud:8080
1 > Connection: Keep-Alive
1 > User-Agent: Apache-HttpClient/4.5.13 (Java/16.0.1)
1 > Accept-Encoding: gzip,deflate


09:19:13.504 [main] DEBUG com.intuit.karate - response time in milliseconds: 170
1 < 200
1 < Content-Language: en
1 < Date: Fri, 20 Aug 2021 13:19:13 GMT
1 < Content-Type: application/json;charset=UTF-8
1 < Transfer-Encoding: chunked
[{"addresses":null,"extension":{},"currencyCd":null,"policyNumber":"CP0000863460","lossDt":"2021-07-16T00:00:00Z","lossDesc":"test","typeOfResolution":"WITHDRAWN","productVersion":null,"selectedRiskItemOids":null,"knownTimeInd":null,"componentName":null,"causeOfLossCd":null,"lossLocationDesc":null,"claimNumber":"C1392","policy":{"termExpirationDate":"2022-01-01T00:00:00Z","policyLOB":"ACC","riskItems":null,"policyNumber":"CP0000863460","verified":null,"policyStatus":"ACTIVE","productVersion":null,"inceptionDate":null,"parties":[{"nameTypeCd":null,"lastName":"Test","addresses":null,"extension":{},"bankAccountInfo":null,"instanceName":null,"roles":null,"phones":null,"bankName":null,"oid":null,"type":null,"suffix":null,"relationShipToInsuredCd":null,"accountHolderName":null,"emails":null,"contactPreferenceCd":null,"preferredPaymentMethod":null,"companyNumber":null,"namePrefix":null,"bankBranchCd":null,"bankAccountNumber":null,"componentName":null,"bankTransitNumber":null,"birthDt":null,"externalId":null,"additionalNameInd":null,"externalPartyInd":false,"partyRoles":null,"displayValue":null,"firstName":"Test 22","bankAccountType":null,"bankCd":null,"middleName":null,"otherName":null,"partyNumber":null,"additionalName":null}],"termEffectiveDate":"2021-01-01T00:00:00Z","componentName":null,"reportedPolicyNumber":"CP0000863460","policyBLOB":null,"productCd":"GB_AC"},"reportingMethod":null,"reportedDt":"2021-07-16T18:31:00Z","totalIncurred":{"amount":0.0,"currencyCd":"USD"},"policyProductCd":"GB_AC","customerNumber":"520181","claimsPolicyStatus":null,"lineOfBusinessCd":"ACC","claimStatusCd":"CLOSED","claimSubStatusCd":null,"additionalClaimNumber":"OC1392","lossLocation":null,"parties":null,"secondaryLossCauseCd":null,"fileOwner":{"displayValue":"New Claims \u2013 Accident CI HI","typeCd":null,"refId":null},"policyProductVersion":null,"productCd":"CLAIM_ACC_HEALTH"}]
09:19:13.532 [main] INFO  com.intuit.karate - [print] [
  {
    "addresses": null,
    "extension": {
    },
    "currencyCd": null,
    "policyNumber": "CP0000863460",
    "lossDt": "2021-07-16T00:00:00Z",
    "lossDesc": "test",
    "typeOfResolution": "WITHDRAWN",
    "productVersion": null,
    "selectedRiskItemOids": null,
    "knownTimeInd": null,
    "componentName": null,
    "causeOfLossCd": null,
    "lossLocationDesc": null,
    "claimNumber": "C1392",
    "policy": {
      "termExpirationDate": "2022-01-01T00:00:00Z",
      "policyLOB": "ACC",
      "riskItems": null,
      "policyNumber": "CP0000863460",
      "verified": null,
      "policyStatus": "ACTIVE",
      "productVersion": null,
      "inceptionDate": null,
      "parties": [
        {
          "nameTypeCd": null,
          "lastName": "Test",
          "addresses": null,
          "extension": {
          },
          "bankAccountInfo": null,
          "instanceName": null,
          "roles": null,
          "phones": null,
          "bankName": null,
          "oid": null,
          "type": null,
          "suffix": null,
          "relationShipToInsuredCd": null,
          "accountHolderName": null,
          "emails": null,
          "contactPreferenceCd": null,
          "preferredPaymentMethod": null,
          "companyNumber": null,
          "namePrefix": null,
          "bankBranchCd": null,
          "bankAccountNumber": null,
          "componentName": null,
          "bankTransitNumber": null,
          "birthDt": null,
          "externalId": null,
          "additionalNameInd": null,
          "externalPartyInd": false,
          "partyRoles": null,
          "displayValue": null,
          "firstName": "Test 22",
          "bankAccountType": null,
          "bankCd": null,
          "middleName": null,
          "otherName": null,
          "partyNumber": null,
          "additionalName": null
        }
      ],
      "termEffectiveDate": "2021-01-01T00:00:00Z",
      "componentName": null,
      "reportedPolicyNumber": "CP0000863460",
      "policyBLOB": null,
      "productCd": "GB_AC"
    },
    "reportingMethod": null,
    "reportedDt": "2021-07-16T18:31:00Z",
    "totalIncurred": {
      "amount": 0.0,
      "currencyCd": "USD"
    },
    "policyProductCd": "GB_AC",
    "customerNumber": "520181",
    "claimsPolicyStatus": null,
    "lineOfBusinessCd": "ACC",
    "claimStatusCd": "CLOSED",
    "claimSubStatusCd": null,
    "additionalClaimNumber": "OC1392",
    "lossLocation": null,
    "parties": null,
    "secondaryLossCauseCd": null,
    "fileOwner": {
      "displayValue": "New Claims \u2013 Accident CI HI",
      "typeCd": null,
      "refId": null
    },
    "policyProductVersion": null,
    "productCd": "CLAIM_ACC_HEALTH"
  }
]
 
09:19:13.540 [main] INFO  com.intuit.karate - [print] =========Validating field values in response================= : 
09:19:13.614 [main] DEBUG com.intuit.karate - request:
1 > GET http://aws07wflapp02.aws07.wfl.cloud:8080/wfl-app/services/wfl-claims-rs/v1/claims?claimNumber=C1392
1 > Authorization: Basic cWE6cWE=
1 > Host: aws07wflapp02.aws07.wfl.cloud:8080
1 > Connection: Keep-Alive
1 > User-Agent: Apache-HttpClient/4.5.13 (Java/16.0.1)
1 > Accept-Encoding: gzip,deflate


09:19:13.700 [main] DEBUG com.intuit.karate - response time in milliseconds: 84
1 < 200
1 < Content-Language: en
1 < Date: Fri, 20 Aug 2021 13:19:13 GMT
1 < Content-Type: application/json;charset=UTF-8
1 < Transfer-Encoding: chunked
[{"addresses":null,"extension":{},"currencyCd":null,"policyNumber":"CP0000863460","lossDt":"2021-07-16T00:00:00Z","lossDesc":"test","typeOfResolution":"WITHDRAWN","productVersion":null,"selectedRiskItemOids":null,"knownTimeInd":null,"componentName":null,"causeOfLossCd":null,"lossLocationDesc":null,"claimNumber":"C1392","policy":{"termExpirationDate":"2022-01-01T00:00:00Z","policyLOB":"ACC","riskItems":null,"policyNumber":"CP0000863460","verified":null,"policyStatus":"ACTIVE","productVersion":null,"inceptionDate":null,"parties":[{"nameTypeCd":null,"lastName":"Test","addresses":null,"extension":{},"bankAccountInfo":null,"instanceName":null,"roles":null,"phones":null,"bankName":null,"oid":null,"type":null,"suffix":null,"relationShipToInsuredCd":null,"accountHolderName":null,"emails":null,"contactPreferenceCd":null,"preferredPaymentMethod":null,"companyNumber":null,"namePrefix":null,"bankBranchCd":null,"bankAccountNumber":null,"componentName":null,"bankTransitNumber":null,"birthDt":null,"externalId":null,"additionalNameInd":null,"externalPartyInd":false,"partyRoles":null,"displayValue":null,"firstName":"Test 22","bankAccountType":null,"bankCd":null,"middleName":null,"otherName":null,"partyNumber":null,"additionalName":null}],"termEffectiveDate":"2021-01-01T00:00:00Z","componentName":null,"reportedPolicyNumber":"CP0000863460","policyBLOB":null,"productCd":"GB_AC"},"reportingMethod":null,"reportedDt":"2021-07-16T18:31:00Z","totalIncurred":{"amount":0.0,"currencyCd":"USD"},"policyProductCd":"GB_AC","customerNumber":"520181","claimsPolicyStatus":null,"lineOfBusinessCd":"ACC","claimStatusCd":"CLOSED","claimSubStatusCd":null,"additionalClaimNumber":"OC1392","lossLocation":null,"parties":null,"secondaryLossCauseCd":null,"fileOwner":{"displayValue":"New Claims \u2013 Accident CI HI","typeCd":null,"refId":null},"policyProductVersion":null,"productCd":"CLAIM_ACC_HEALTH"}]
09:19:13.703 [main] ERROR com.intuit.karate - classpath:wflclaim/getClaim.feature:31
Then status 400
status code was: 200, expected: 400, response time in milliseconds: 84, url: http://aws07wflapp02.aws07.wfl.cloud:8080/wfl-app/services/wfl-claims-rs/v1/claims?claimNumber=C1392, response: 
[ {
  "claimSubStatusCd" : null,
  "policy" : {
    "termEffectiveDate" : "2021-01-01T00:00:00Z",
    "termExpirationDate" : "2022-01-01T00:00:00Z",
    "inceptionDate" : null,
    "componentName" : null,
    "riskItems" : null,
    "parties" : [ {
      "namePrefix" : null,
      "firstName" : "Test 22",
      "middleName" : null,
      "lastName" : "Test",
      "otherName" : null,
      "nameTypeCd" : null,
      "oid" : null,
      "contactPreferenceCd" : null,
      "displayValue" : null,
      "relationShipToInsuredCd" : null,
      "addresses" : null,
      "componentName" : null,
      "extension" : { },
      "emails" : null,
      "phones" : null,
      "roles" : null,
      "birthDt" : null,
      "partyNumber" : null,
      "companyNumber" : null,
      "externalId" : null,
      "preferredPaymentMethod" : null,
      "bankAccountInfo" : null,
      "bankName" : null,
      "bankAccountNumber" : null,
      "accountHolderName" : null,
      "bankTransitNumber" : null,
      "bankCd" : null,
      "bankBranchCd" : null,
      "bankAccountType" : null,
      "additionalNameInd" : null,
      "additionalName" : null,
      "instanceName" : null,
      "type" : null,
      "partyRoles" : null,
      "externalPartyInd" : false,
      "suffix" : null
    } ],
    "policyNumber" : "CP0000863460",
    "productCd" : "GB_AC",
    "productVersion" : null,
    "verified" : null,
    "policyStatus" : "ACTIVE",
    "policyLOB" : "ACC",
    "policyBLOB" : null,
    "reportedPolicyNumber" : "CP0000863460"
  },
  "claimNumber" : "C1392",
  "additionalClaimNumber" : "OC1392",
  "claimStatusCd" : "CLOSED",
  "lossDt" : "2021-07-16T00:00:00Z",
  "lossDesc" : "test",
  "customerNumber" : "520181",
  "reportedDt" : "2021-07-16T18:31:00Z",
  "policyNumber" : "CP0000863460",
  "policyProductCd" : "GB_AC",
  "knownTimeInd" : null,
  "lineOfBusinessCd" : "ACC",
  "productVersion" : null,
  "causeOfLossCd" : null,
  "lossLocationDesc" : null,
  "lossLocation" : null,
  "secondaryLossCauseCd" : null,
  "reportingMethod" : null,
  "parties" : null,
  "addresses" : null,
  "componentName" : null,
  "policyProductVersion" : null,
  "totalIncurred" : {
    "amount" : 0.00,
    "currencyCd" : "USD"
  },
  "fileOwner" : {
    "typeCd" : null,
    "refId" : null,
    "displayValue" : "New Claims – Accident CI HI"
  },
  "claimsPolicyStatus" : null,
  "extension" : { },
  "selectedRiskItemOids" : null,
  "currencyCd" : null,
  "typeOfResolution" : "WITHDRAWN",
  "productCd" : "CLAIM_ACC_HEALTH"
} ]
classpath:wflclaim/getClaim.feature:31
---------------------------------------------------------
feature: classpath:wflclaim/getClaim.feature
scenarios:  2 | passed:  1 | failed:  1 | time: 0.9536
---------------------------------------------------------

09:19:15.095 [main] INFO  com.intuit.karate.Suite - <<fail>> feature 1 of 2 (0 remaining) classpath:wflclaim/getClaim.feature
09:19:15.137 [main] DEBUG com.intuit.karate - request:
1 > GET http://aws07wflapp02.aws07.wfl.cloud:8080/wfl-app/services/customercore-rs/v1/customers/details?customerNumber=510377
1 > Authorization: Basic cWE6cWE=
1 > Host: aws07wflapp02.aws07.wfl.cloud:8080
1 > Connection: Keep-Alive
1 > User-Agent: Apache-HttpClient/4.5.13 (Java/16.0.1)
1 > Accept-Encoding: gzip,deflate


09:19:15.288 [main] DEBUG com.intuit.karate - response time in milliseconds: 150
1 < 200
1 < Content-Language: en
1 < X-Paging-Limit: 10
1 < X-Paging-Offset: 0
1 < X-Total-Count: 1
1 < Date: Fri, 20 Aug 2021 13:19:15 GMT
1 < Content-Type: application/json;charset=UTF-8
1 < Transfer-Encoding: chunked
[{"addresses":[{"temporary":false,"city":"Walnut Creek","postalCode":"94596","latitude":null,"countryCd":"US","county":null,"accuracy":null,"contactType":"residence","referenceId":null,"effectiveTo":null,"duration":null,"subdivision":null,"extensionFields":{},"validationIndicator":null,"stateProvCd":"CA","addressLine1":"Address97144281","addressLine2":"","id":7905231,"addressLine3":"","contactMethod":"ADDRESS","longitude":null,"inCareOf":null,"preferredInd":null,"communicationPreferences":[],"attention":null,"comment":null,"doNotSolicitInd":null,"effectiveFrom":null}],"preferredSpokenLanguageCd":"ENGLISH","registeredOnline":false,"individualDetails":{"lastName":"Smith09877373","associateEmployments":false,"designationDescription":null,"deceased":false,"occupationDescription":null,"title":null,"suffix":null,"associateBusinessEntity":false,"extensionFields":{},"genderCd":"male","nickname":null,"deathDate":null,"associateProviders":false,"occupationCd":null,"designationCd":null,"birthDate":"1995-09-02","firstName":"John87780675","deathNotificationReceived":false,"disabilities":[],"maritalStatusCd":null,"taxId":"046-42-2369","citizenshipCd":null,"tobaccoCd":"YES","middleName":"","interests":[]},"majorAccount":null,"lastUpdateDate":"2020-09-02T08:44:02.380Z","preferredCurrency":null,"phones":[],"sourceCd":"UNKNOWN","socialNets":[],"rateDatePayment":null,"businessCustomerAdditionalNames":null,"segments":[],"customerStatus":"CUSTOMER","emails":[],"webAddresses":[],"specialClaimReview":false,"archived":false,"customerType":"INDV","sourceOfExchangeRate":null,"extensionFields":{},"groupInfo":[],"preferredWrittenLanguageCd":"ENGLISH","customerEmployments":null,"paperless":false,"agencies":[],"indCustomerAdditionalNames":[],"businessDetails":null,"customerNumber":"510377","accountNumber":"610377","genericRelationships":[],"displayValue":"John87780675 Smith09877373","ratingCd":"UNKNOWN","preferredContactMethod":null,"navigationLinks":[],"chats":[],"rateDateIntake":null,"brandCd":null,"providers":null}]
09:19:15.291 [main] INFO  com.intuit.karate - [print] [
  {
    "addresses": [
      {
        "temporary": false,
        "city": "Walnut Creek",
        "postalCode": "94596",
        "latitude": null,
        "countryCd": "US",
        "county": null,
        "accuracy": null,
        "contactType": "residence",
        "referenceId": null,
        "effectiveTo": null,
        "duration": null,
        "subdivision": null,
        "extensionFields": {
        },
        "validationIndicator": null,
        "stateProvCd": "CA",
        "addressLine1": "Address97144281",
        "addressLine2": "",
        "id": 7905231,
        "addressLine3": "",
        "contactMethod": "ADDRESS",
        "longitude": null,
        "inCareOf": null,
        "preferredInd": null,
        "communicationPreferences": [
        ],
        "attention": null,
        "comment": null,
        "doNotSolicitInd": null,
        "effectiveFrom": null
      }
    ],
    "preferredSpokenLanguageCd": "ENGLISH",
    "registeredOnline": false,
    "individualDetails": {
      "lastName": "Smith09877373",
      "associateEmployments": false,
      "designationDescription": null,
      "deceased": false,
      "occupationDescription": null,
      "title": null,
      "suffix": null,
      "associateBusinessEntity": false,
      "extensionFields": {
      },
      "genderCd": "male",
      "nickname": null,
      "deathDate": null,
      "associateProviders": false,
      "occupationCd": null,
      "designationCd": null,
      "birthDate": "1995-09-02",
      "firstName": "John87780675",
      "deathNotificationReceived": false,
      "disabilities": [
      ],
      "maritalStatusCd": null,
      "taxId": "046-42-2369",
      "citizenshipCd": null,
      "tobaccoCd": "YES",
      "middleName": "",
      "interests": [
      ]
    },
    "majorAccount": null,
    "lastUpdateDate": "2020-09-02T08:44:02.380Z",
    "preferredCurrency": null,
    "phones": [
    ],
    "sourceCd": "UNKNOWN",
    "socialNets": [
    ],
    "rateDatePayment": null,
    "businessCustomerAdditionalNames": null,
    "segments": [
    ],
    "customerStatus": "CUSTOMER",
    "emails": [
    ],
    "webAddresses": [
    ],
    "specialClaimReview": false,
    "archived": false,
    "customerType": "INDV",
    "sourceOfExchangeRate": null,
    "extensionFields": {
    },
    "groupInfo": [
    ],
    "preferredWrittenLanguageCd": "ENGLISH",
    "customerEmployments": null,
    "paperless": false,
    "agencies": [
    ],
    "indCustomerAdditionalNames": [
    ],
    "businessDetails": null,
    "customerNumber": "510377",
    "accountNumber": "610377",
    "genericRelationships": [
    ],
    "displayValue": "John87780675 Smith09877373",
    "ratingCd": "UNKNOWN",
    "preferredContactMethod": null,
    "navigationLinks": [
    ],
    "chats": [
    ],
    "rateDateIntake": null,
    "brandCd": null,
    "providers": null
  }
]
 
09:19:15.293 [main] INFO  com.intuit.karate - [print] =========Validating field values in response================= : 
09:19:15.308 [main] DEBUG com.intuit.karate - request:
1 > GET http://aws07wflapp02.aws07.wfl.cloud:8080/wfl-app/services/customercore-rs/v1/customers/details?customerNumber=510977
1 > Authorization: Basic cWE6cWE=
1 > Host: aws07wflapp02.aws07.wfl.cloud:8080
1 > Connection: Keep-Alive
1 > User-Agent: Apache-HttpClient/4.5.13 (Java/16.0.1)
1 > Accept-Encoding: gzip,deflate


09:19:15.444 [main] DEBUG com.intuit.karate - response time in milliseconds: 135
1 < 200
1 < Content-Language: en
1 < X-Paging-Limit: 10
1 < X-Paging-Offset: 0
1 < X-Total-Count: 1
1 < Date: Fri, 20 Aug 2021 13:19:15 GMT
1 < Content-Type: application/json;charset=UTF-8
1 < Transfer-Encoding: chunked
[{"addresses":[{"temporary":false,"city":"Test","postalCode":"10928","latitude":null,"countryCd":"US","county":null,"accuracy":null,"contactType":"residence","referenceId":null,"effectiveTo":null,"duration":null,"subdivision":null,"extensionFields":{},"validationIndicator":null,"stateProvCd":"GA","addressLine1":"test lane","addressLine2":"","id":30641766,"addressLine3":"","contactMethod":"ADDRESS","longitude":null,"inCareOf":null,"preferredInd":null,"communicationPreferences":[],"attention":null,"comment":null,"doNotSolicitInd":null,"effectiveFrom":null}],"preferredSpokenLanguageCd":"ENGLISH","registeredOnline":false,"individualDetails":{"lastName":"Miller","associateEmployments":false,"designationDescription":null,"deceased":false,"occupationDescription":null,"title":null,"suffix":null,"associateBusinessEntity":false,"extensionFields":{},"genderCd":"male","nickname":null,"deathDate":null,"associateProviders":false,"occupationCd":null,"designationCd":null,"birthDate":null,"firstName":"John","deathNotificationReceived":false,"disabilities":[],"maritalStatusCd":null,"taxId":"109-12-9289","citizenshipCd":null,"tobaccoCd":null,"middleName":"","interests":[]},"majorAccount":null,"lastUpdateDate":"2020-11-30T22:36:30.737Z","preferredCurrency":null,"phones":[],"sourceCd":"UNKNOWN","socialNets":[],"rateDatePayment":null,"businessCustomerAdditionalNames":null,"segments":[],"customerStatus":"CUSTOMER","emails":[],"webAddresses":[],"specialClaimReview":false,"archived":false,"customerType":"INDV","sourceOfExchangeRate":null,"extensionFields":{},"groupInfo":[],"preferredWrittenLanguageCd":"ENGLISH","customerEmployments":null,"paperless":false,"agencies":[],"indCustomerAdditionalNames":[],"businessDetails":null,"customerNumber":"510977","accountNumber":"610977","genericRelationships":[],"displayValue":"John Miller","ratingCd":"UNKNOWN","preferredContactMethod":null,"navigationLinks":[],"chats":[],"rateDateIntake":null,"brandCd":null,"providers":null}]
09:19:15.446 [main] INFO  com.intuit.karate - [print] [
  {
    "addresses": [
      {
        "temporary": false,
        "city": "Test",
        "postalCode": "10928",
        "latitude": null,
        "countryCd": "US",
        "county": null,
        "accuracy": null,
        "contactType": "residence",
        "referenceId": null,
        "effectiveTo": null,
        "duration": null,
        "subdivision": null,
        "extensionFields": {
        },
        "validationIndicator": null,
        "stateProvCd": "GA",
        "addressLine1": "test lane",
        "addressLine2": "",
        "id": 30641766,
        "addressLine3": "",
        "contactMethod": "ADDRESS",
        "longitude": null,
        "inCareOf": null,
        "preferredInd": null,
        "communicationPreferences": [
        ],
        "attention": null,
        "comment": null,
        "doNotSolicitInd": null,
        "effectiveFrom": null
      }
    ],
    "preferredSpokenLanguageCd": "ENGLISH",
    "registeredOnline": false,
    "individualDetails": {
      "lastName": "Miller",
      "associateEmployments": false,
      "designationDescription": null,
      "deceased": false,
      "occupationDescription": null,
      "title": null,
      "suffix": null,
      "associateBusinessEntity": false,
      "extensionFields": {
      },
      "genderCd": "male",
      "nickname": null,
      "deathDate": null,
      "associateProviders": false,
      "occupationCd": null,
      "designationCd": null,
      "birthDate": null,
      "firstName": "John",
      "deathNotificationReceived": false,
      "disabilities": [
      ],
      "maritalStatusCd": null,
      "taxId": "109-12-9289",
      "citizenshipCd": null,
      "tobaccoCd": null,
      "middleName": "",
      "interests": [
      ]
    },
    "majorAccount": null,
    "lastUpdateDate": "2020-11-30T22:36:30.737Z",
    "preferredCurrency": null,
    "phones": [
    ],
    "sourceCd": "UNKNOWN",
    "socialNets": [
    ],
    "rateDatePayment": null,
    "businessCustomerAdditionalNames": null,
    "segments": [
    ],
    "customerStatus": "CUSTOMER",
    "emails": [
    ],
    "webAddresses": [
    ],
    "specialClaimReview": false,
    "archived": false,
    "customerType": "INDV",
    "sourceOfExchangeRate": null,
    "extensionFields": {
    },
    "groupInfo": [
    ],
    "preferredWrittenLanguageCd": "ENGLISH",
    "customerEmployments": null,
    "paperless": false,
    "agencies": [
    ],
    "indCustomerAdditionalNames": [
    ],
    "businessDetails": null,
    "customerNumber": "510977",
    "accountNumber": "610977",
    "genericRelationships": [
    ],
    "displayValue": "John Miller",
    "ratingCd": "UNKNOWN",
    "preferredContactMethod": null,
    "navigationLinks": [
    ],
    "chats": [
    ],
    "rateDateIntake": null,
    "brandCd": null,
    "providers": null
  }
]
 
09:19:15.448 [main] INFO  com.intuit.karate - [print] =========Validating field values in response================= : 
---------------------------------------------------------
feature: classpath:wflclaim/getCustomerNumber.feature
scenarios:  2 | passed:  2 | failed:  0 | time: 0.3102
---------------------------------------------------------

09:19:15.690 [main] INFO  com.intuit.karate.Suite - <<pass>> feature 2 of 2 (0 remaining) classpath:wflclaim/getCustomerNumber.feature
09:19:15.702 [main] DEBUG com.intuit.karate.Suite - waiting for 2 features to complete
Karate version: 1.0.1
======================================================
elapsed:   5.92 | threads:    1 | thread time: 1.26 
features:     2 | skipped:    0 | efficiency: 0.21
scenarios:    4 | passed:     3 | failed: 1
======================================================
>>> failed features:
status code was: 200, expected: 400, response time in milliseconds: 84, url: http://aws07wflapp02.aws07.wfl.cloud:8080/wfl-app/services/wfl-claims-rs/v1/claims?claimNumber=C1392, response: 
[ {
  "claimSubStatusCd" : null,
  "policy" : {
    "termEffectiveDate" : "2021-01-01T00:00:00Z",
    "termExpirationDate" : "2022-01-01T00:00:00Z",
    "inceptionDate" : null,
    "componentName" : null,
    "riskItems" : null,
    "parties" : [ {
      "namePrefix" : null,
      "firstName" : "Test 22",
      "middleName" : null,
      "lastName" : "Test",
      "otherName" : null,
      "nameTypeCd" : null,
      "oid" : null,
      "contactPreferenceCd" : null,
      "displayValue" : null,
      "relationShipToInsuredCd" : null,
      "addresses" : null,
      "componentName" : null,
      "extension" : { },
      "emails" : null,
      "phones" : null,
      "roles" : null,
      "birthDt" : null,
      "partyNumber" : null,
      "companyNumber" : null,
      "externalId" : null,
      "preferredPaymentMethod" : null,
      "bankAccountInfo" : null,
      "bankName" : null,
      "bankAccountNumber" : null,
      "accountHolderName" : null,
      "bankTransitNumber" : null,
      "bankCd" : null,
      "bankBranchCd" : null,
      "bankAccountType" : null,
      "additionalNameInd" : null,
      "additionalName" : null,
      "instanceName" : null,
      "type" : null,
      "partyRoles" : null,
      "externalPartyInd" : false,
      "suffix" : null
    } ],
    "policyNumber" : "CP0000863460",
    "productCd" : "GB_AC",
    "productVersion" : null,
    "verified" : null,
    "policyStatus" : "ACTIVE",
    "policyLOB" : "ACC",
    "policyBLOB" : null,
    "reportedPolicyNumber" : "CP0000863460"
  },
  "claimNumber" : "C1392",
  "additionalClaimNumber" : "OC1392",
  "claimStatusCd" : "CLOSED",
  "lossDt" : "2021-07-16T00:00:00Z",
  "lossDesc" : "test",
  "customerNumber" : "520181",
  "reportedDt" : "2021-07-16T18:31:00Z",
  "policyNumber" : "CP0000863460",
  "policyProductCd" : "GB_AC",
  "knownTimeInd" : null,
  "lineOfBusinessCd" : "ACC",
  "productVersion" : null,
  "causeOfLossCd" : null,
  "lossLocationDesc" : null,
  "lossLocation" : null,
  "secondaryLossCauseCd" : null,
  "reportingMethod" : null,
  "parties" : null,
  "addresses" : null,
  "componentName" : null,
  "policyProductVersion" : null,
  "totalIncurred" : {
    "amount" : 0.00,
    "currencyCd" : "USD"
  },
  "fileOwner" : {
    "typeCd" : null,
    "refId" : null,
    "displayValue" : "New Claims – Accident CI HI"
  },
  "claimsPolicyStatus" : null,
  "extension" : { },
  "selectedRiskItemOids" : null,
  "currencyCd" : null,
  "typeOfResolution" : "WITHDRAWN",
  "productCd" : "CLAIM_ACC_HEALTH"
} ]
classpath:wflclaim/getClaim.feature:31
<<<

HTML report: (paste into browser to view) | Karate version: 1.0.1
file:///C:/Users/600001038/IdeaProjects/WFRegressionTest/target/karate-reports/karate-summary.html
===================================================================

]]></system-out>
    <system-err><![CDATA[ERROR StatusLogger No log4j2 configuration file found. Using default configuration: logging only errors to the console.
]]></system-err>
  </testcase>
</testsuite>