<?xml version="1.0" encoding="UTF-8"?>
<testsuite xmlns:xsi="http://www.w3.org/2001/XMLSchema-instance" xsi:noNamespaceSchemaLocation="https://maven.apache.org/surefire/maven-surefire-plugin/xsd/surefire-test-report.xsd" name="demo.TestRunner" time="5.787" tests="3" errors="0" skipped="0" failures="2">
  <properties>
[...]
</properties>
  <testcase name="testSample[1][1]" classname="demo.TestRunner" time="2.665"/>
  <testcase name="testSample[1][2]" classname="demo.TestRunner" time="0.186">
    <failure message="match failed: EQUALS&#10;  $ | not equal (NUMBER:NUMBER)&#10;  3&#10;  2&#10;&#10;classpath:demo/user1.feature:12" type="org.opentest4j.AssertionFailedError">org.opentest4j.AssertionFailedError: 
match failed: EQUALS
  $ | not equal (NUMBER:NUMBER)
  3
  2

classpath:demo/user1.feature:12
</failure>
    <system-out><![CDATA[10:30:04.519 [main] DEBUG com.intuit.karate - request:
1 > GET https://reqres.in/api/users/3
1 > Host: reqres.in
1 > Connection: Keep-Alive
1 > User-Agent: Apache-HttpClient/4.5.13 (Java/16.0.1)
1 > Accept-Encoding: gzip,deflate


10:30:04.652 [main] DEBUG com.intuit.karate - response time in milliseconds: 131
1 < 200
1 < Date: Mon, 16 Aug 2021 14:30:04 GMT
1 < Content-Type: application/json; charset=utf-8
1 < Transfer-Encoding: chunked
1 < Connection: keep-alive
1 < x-powered-by: Express
1 < access-control-allow-origin: *
1 < etag: W/"112-EeInfgHWtnxhYRnwgZUB667e024"
1 < via: 1.1 vegur
1 < Cache-Control: max-age=14400
1 < CF-Cache-Status: HIT
1 < Age: 3510
1 < Expect-CT: max-age=604800, report-uri="https://report-uri.cloudflare.com/cdn-cgi/beacon/expect-ct"
1 < Report-To: {"endpoints":[{"url":"https:\/\/a.nel.cloudflare.com\/report\/v3?s=goNddEsOmBWrRg%2B%2FMW1LafO7q0FTATdvO5Rmb8o3uknli5SnhqACnMJO9ePp3yyE75dBySEBfADXarBzEP%2FtNcss05OvrMv4jdinx1sFbe1e8Vl5nr46WTVc6X4%3D"}],"group":"cf-nel","max_age":604800}
1 < NEL: {"success_fraction":0,"report_to":"cf-nel","max_age":604800}
1 < Vary: Accept-Encoding
1 < Server: cloudflare
1 < CF-RAY: 67fb5bc81899cef0-IAD
1 < alt-svc: h3-27=":443"; ma=86400, h3-28=":443"; ma=86400, h3-29=":443"; ma=86400, h3=":443"; ma=86400
{"data":{"last_name":"Wong","id":3,"avatar":"https:\/\/reqres.in\/img\/faces\/3-image.jpg","first_name":"Emma","email":"emma.wong@reqres.in"},"support":{"text":"To keep ReqRes free, contributions towards server costs are appreciated!","url":"https:\/\/reqres.in\/#support-heading"}}
10:30:04.655 [main] INFO  com.intuit.karate - [print] {
  "data": {
    "last_name": "Wong",
    "id": 3,
    "avatar": "https://reqres.in/img/faces/3-image.jpg",
    "first_name": "Emma",
    "email": "emma.wong@reqres.in"
  },
  "support": {
    "text": "To keep ReqRes free, contributions towards server costs are appreciated!",
    "url": "https://reqres.in/#support-heading"
  }
}
 
10:30:04.657 [main] ERROR com.intuit.karate - classpath:demo/user1.feature:12
* match response.data.id == 2
match failed: EQUALS
  $ | not equal (NUMBER:NUMBER)
  3
  2

classpath:demo/user1.feature:12
]]></system-out>
  </testcase>
  <testcase name="testSample[1][3]" classname="demo.TestRunner" time="1.747">
    <failure message="match failed: EQUALS&#10;  $ | not equal (NUMBER:NUMBER)&#10;  4&#10;  2&#10;&#10;classpath:demo/user1.feature:12" type="org.opentest4j.AssertionFailedError">org.opentest4j.AssertionFailedError: 
match failed: EQUALS
  $ | not equal (NUMBER:NUMBER)
  4
  2

classpath:demo/user1.feature:12
</failure>
    <system-out><![CDATA[10:30:04.719 [main] DEBUG com.intuit.karate - request:
1 > GET https://reqres.in/api/users/4
1 > Host: reqres.in
1 > Connection: Keep-Alive
1 > User-Agent: Apache-HttpClient/4.5.13 (Java/16.0.1)
1 > Accept-Encoding: gzip,deflate


10:30:04.826 [main] DEBUG com.intuit.karate - response time in milliseconds: 106
1 < 200
1 < Date: Mon, 16 Aug 2021 14:30:04 GMT
1 < Content-Type: application/json; charset=utf-8
1 < Transfer-Encoding: chunked
1 < Connection: keep-alive
1 < x-powered-by: Express
1 < access-control-allow-origin: *
1 < etag: W/"110-Xdg3LtI+q2zMxihHlfeIZQo/bvY"
1 < via: 1.1 vegur
1 < Cache-Control: max-age=14400
1 < CF-Cache-Status: HIT
1 < Age: 3476
1 < Expect-CT: max-age=604800, report-uri="https://report-uri.cloudflare.com/cdn-cgi/beacon/expect-ct"
1 < Report-To: {"endpoints":[{"url":"https:\/\/a.nel.cloudflare.com\/report\/v3?s=FxQLJPC%2FEQlePUwNOvCUNWAh3hYUuejVmHlWSnsaJ9ifo34Tn%2FxcJoG2GblmpQ1EDAQzCm%2FfzoF5n0y1xwpKGhwSCWUKdKwromTbeSwEhXdNEbrrDkppOoLsN%2FU%3D"}],"group":"cf-nel","max_age":604800}
1 < NEL: {"success_fraction":0,"report_to":"cf-nel","max_age":604800}
1 < Vary: Accept-Encoding
1 < Server: cloudflare
1 < CF-RAY: 67fb5bc929c657ba-IAD
1 < alt-svc: h3-27=":443"; ma=86400, h3-28=":443"; ma=86400, h3-29=":443"; ma=86400, h3=":443"; ma=86400
{"data":{"last_name":"Holt","id":4,"avatar":"https:\/\/reqres.in\/img\/faces\/4-image.jpg","first_name":"Eve","email":"eve.holt@reqres.in"},"support":{"text":"To keep ReqRes free, contributions towards server costs are appreciated!","url":"https:\/\/reqres.in\/#support-heading"}}
10:30:04.830 [main] INFO  com.intuit.karate - [print] {
  "data": {
    "last_name": "Holt",
    "id": 4,
    "avatar": "https://reqres.in/img/faces/4-image.jpg",
    "first_name": "Eve",
    "email": "eve.holt@reqres.in"
  },
  "support": {
    "text": "To keep ReqRes free, contributions towards server costs are appreciated!",
    "url": "https://reqres.in/#support-heading"
  }
}
 
10:30:04.833 [main] ERROR com.intuit.karate - classpath:demo/user1.feature:12
* match response.data.id == 2
match failed: EQUALS
  $ | not equal (NUMBER:NUMBER)
  4
  2

classpath:demo/user1.feature:12
---------------------------------------------------------
feature: classpath:demo/user1.feature
scenarios:  3 | passed:  1 | failed:  2 | time: 1.5074
---------------------------------------------------------

Karate version: 1.0.1
======================================================
elapsed:   4.58 | threads:    1 | thread time: 1.51 
features:     1 | skipped:    0 | efficiency: 0.33
scenarios:    3 | passed:     1 | failed: 2
======================================================
>>> failed features:
match failed: EQUALS
  $ | not equal (NUMBER:NUMBER)
  3
  2

classpath:demo/user1.feature:12
match failed: EQUALS
  $ | not equal (NUMBER:NUMBER)
  4
  2

classpath:demo/user1.feature:12
<<<

HTML report: (paste into browser to view) | Karate version: 1.0.1
file:///C:/Users/600001038/IdeaProjects/WFRegressionTest/target/karate-reports/karate-summary.html
===================================================================

]]></system-out>
  </testcase>
</testsuite>